<?xml version="1.0" encoding="UTF-8"?>
<!-- Generated by org.testng.reporters.JUnitXMLReporter -->
<testsuite ignored="0" hostname="DESKTOP-BEPA8F0" failures="0" tests="3" name="Default test" time="39.328" errors="0" timestamp="2022-10-14T17:24:23 IST">
  <testcase classname="practice.DataProvidrTest" name="companyDetails" time="17.864"/>
  <testcase classname="practice.DataProvidrTest" name="companyDetails" time="10.63"/>
  <testcase classname="practice.DataProvidrTest" name="companyDetails" time="10.765"/>
</testsuite> <!-- Default test -->
