<?xml version="1.0" encoding="UTF-8"?>
<testng-results ignored="0" total="3" passed="3" failed="0" skipped="0">
  <reporter-output>
  </reporter-output>
  <suite started-at="2022-10-14T17:23:44 IST" name="Default suite" finished-at="2022-10-14T17:24:23 IST" duration-ms="39328">
    <groups>
    </groups>
    <test started-at="2022-10-14T17:23:44 IST" name="Default test" finished-at="2022-10-14T17:24:23 IST" duration-ms="39328">
      <class name="practice.DataProvidrTest">
        <test-method signature="companyDetails(java.lang.String,java.lang.String,java.lang.String)[pri:0, instance:practice.DataProvidrTest@48974e45]" started-at="2022-10-14T17:23:44 IST" name="companyDetails" data-provider="dataProvider_test" finished-at="2022-10-14T17:24:02 IST" duration-ms="17864" status="PASS">
          <params>
            <param index="0">
              <value>
                <![CDATA[AAA]]>
              </value>
            </param>
            <param index="1">
              <value>
                <![CDATA[8236293248]]>
              </value>
            </param>
            <param index="2">
              <value>
                <![CDATA[jgabsd@gmail.com]]>
              </value>
            </param>
          </params>
          <reporter-output>
          </reporter-output>
        </test-method> <!-- companyDetails -->
        <test-method signature="companyDetails(java.lang.String,java.lang.String,java.lang.String)[pri:0, instance:practice.DataProvidrTest@48974e45]" started-at="2022-10-14T17:24:02 IST" name="companyDetails" data-provider="dataProvider_test" finished-at="2022-10-14T17:24:13 IST" duration-ms="10630" status="PASS">
          <params>
            <param index="0">
              <value>
                <![CDATA[BBB]]>
              </value>
            </param>
            <param index="1">
              <value>
                <![CDATA[818613248]]>
              </value>
            </param>
            <param index="2">
              <value>
                <![CDATA[yegnsd@gmail.com]]>
              </value>
            </param>
          </params>
          <reporter-output>
          </reporter-output>
        </test-method> <!-- companyDetails -->
        <test-method signature="companyDetails(java.lang.String,java.lang.String,java.lang.String)[pri:0, instance:practice.DataProvidrTest@48974e45]" started-at="2022-10-14T17:24:13 IST" name="companyDetails" data-provider="dataProvider_test" finished-at="2022-10-14T17:24:23 IST" duration-ms="10765" status="PASS">
          <params>
            <param index="0">
              <value>
                <![CDATA[CCC]]>
              </value>
            </param>
            <param index="1">
              <value>
                <![CDATA[1973173178]]>
              </value>
            </param>
            <param index="2">
              <value>
                <![CDATA[idhsfsd@gmail.com]]>
              </value>
            </param>
          </params>
          <reporter-output>
          </reporter-output>
        </test-method> <!-- companyDetails -->
      </class> <!-- practice.DataProvidrTest -->
    </test> <!-- Default test -->
  </suite> <!-- Default suite -->
</testng-results>
