<?xml version="1.0" encoding="UTF-8"?>
<testng-results ignored="0" total="1" passed="1" failed="0" skipped="0">
  <reporter-output>
  </reporter-output>
  <suite started-at="2022-12-19T15:13:42 IST" name="Default suite" finished-at="2022-12-19T15:13:53 IST" duration-ms="11246">
    <groups>
    </groups>
    <test started-at="2022-12-19T15:13:42 IST" name="Default test" finished-at="2022-12-19T15:13:53 IST" duration-ms="11246">
      <class name="practice.Amazon">
        <test-method signature="test()[pri:0, instance:practice.Amazon@6631f5ca]" started-at="2022-12-19T15:13:42 IST" name="test" finished-at="2022-12-19T15:13:53 IST" duration-ms="11192" status="PASS">
          <reporter-output>
          </reporter-output>
        </test-method> <!-- test -->
      </class> <!-- practice.Amazon -->
    </test> <!-- Default test -->
  </suite> <!-- Default suite -->
</testng-results>
